This file contains any messages produced by compilers while
running configure, to aid debugging if configure makes a mistake.

It was created by fuego configure 1.1, which was
generated by GNU Autoconf 2.68.  Invocation command line was

  $ ./configure 

## --------- ##
## Platform. ##
## --------- ##

hostname = BlitzVM1
uname -m = i686
uname -r = 3.2.0-39-generic-pae
uname -s = Linux
uname -v = #62-Ubuntu SMP Wed Feb 27 22:25:11 UTC 2013

/usr/bin/uname -p = unknown
/bin/uname -X     = unknown

/bin/arch              = unknown
/usr/bin/arch -k       = unknown
/usr/convex/getsysinfo = unknown
/usr/bin/hostinfo      = unknown
/bin/machine           = unknown
/usr/bin/oslevel       = unknown
/bin/universe          = unknown

PATH: /usr/lib/lightdm/lightdm
PATH: /usr/local/sbin
PATH: /usr/local/bin
PATH: /usr/sbin
PATH: /usr/bin
PATH: /sbin
PATH: /bin
PATH: /usr/games


## ----------- ##
## Core tests. ##
## ----------- ##

configure:2225: checking for a BSD-compatible install
configure:2293: result: /usr/bin/install -c
configure:2304: checking whether build environment is sane
configure:2354: result: yes
configure:2495: checking for a thread-safe mkdir -p
configure:2534: result: /bin/mkdir -p
configure:2547: checking for gawk
configure:2577: result: no
configure:2547: checking for mawk
configure:2563: found /usr/bin/mawk
configure:2574: result: mawk
configure:2585: checking whether make sets $(MAKE)
configure:2607: result: yes
configure:2688: checking whether to enable maintainer-specific portions of Makefiles
configure:2697: result: no
configure:2768: checking for g++
configure:2784: found /usr/bin/g++
configure:2795: result: g++
configure:2822: checking for C++ compiler version
configure:2831: g++ --version >&5
g++ (Ubuntu/Linaro 4.6.3-1ubuntu5) 4.6.3
Copyright (C) 2011 Free Software Foundation, Inc.
This is free software; see the source for copying conditions.  There is NO
warranty; not even for MERCHANTABILITY or FITNESS FOR A PARTICULAR PURPOSE.

configure:2842: $? = 0
configure:2831: g++ -v >&5
Using built-in specs.
COLLECT_GCC=g++
COLLECT_LTO_WRAPPER=/usr/lib/gcc/i686-linux-gnu/4.6/lto-wrapper
Target: i686-linux-gnu
Configured with: ../src/configure -v --with-pkgversion='Ubuntu/Linaro 4.6.3-1ubuntu5' --with-bugurl=file:///usr/share/doc/gcc-4.6/README.Bugs --enable-languages=c,c++,fortran,objc,obj-c++ --prefix=/usr --program-suffix=-4.6 --enable-shared --enable-linker-build-id --with-system-zlib --libexecdir=/usr/lib --without-included-gettext --enable-threads=posix --with-gxx-include-dir=/usr/include/c++/4.6 --libdir=/usr/lib --enable-nls --with-sysroot=/ --enable-clocale=gnu --enable-libstdcxx-debug --enable-libstdcxx-time=yes --enable-gnu-unique-object --enable-plugin --enable-objc-gc --enable-targets=all --disable-werror --with-arch-32=i686 --with-tune=generic --enable-checking=release --build=i686-linux-gnu --host=i686-linux-gnu --target=i686-linux-gnu
Thread model: posix
gcc version 4.6.3 (Ubuntu/Linaro 4.6.3-1ubuntu5) 
configure:2842: $? = 0
configure:2831: g++ -V >&5
g++: error: unrecognized option '-V'
g++: fatal error: no input files
compilation terminated.
configure:2842: $? = 4
configure:2831: g++ -qversion >&5
g++: error: unrecognized option '-qversion'
g++: fatal error: no input files
compilation terminated.
configure:2842: $? = 4
configure:2862: checking whether the C++ compiler works
configure:2884: g++    conftest.cpp  >&5
configure:2888: $? = 0
configure:2936: result: yes
configure:2939: checking for C++ compiler default output file name
configure:2941: result: a.out
configure:2947: checking for suffix of executables
configure:2954: g++ -o conftest    conftest.cpp  >&5
configure:2958: $? = 0
configure:2980: result: 
configure:3002: checking whether we are cross compiling
configure:3010: g++ -o conftest    conftest.cpp  >&5
configure:3014: $? = 0
configure:3021: ./conftest
configure:3025: $? = 0
configure:3040: result: no
configure:3045: checking for suffix of object files
configure:3067: g++ -c   conftest.cpp >&5
configure:3071: $? = 0
configure:3092: result: o
configure:3096: checking whether we are using the GNU C++ compiler
configure:3115: g++ -c   conftest.cpp >&5
configure:3115: $? = 0
configure:3124: result: yes
configure:3133: checking whether g++ accepts -g
configure:3153: g++ -c -g  conftest.cpp >&5
configure:3153: $? = 0
configure:3194: result: yes
configure:3228: checking for style of include used by make
configure:3256: result: GNU
configure:3282: checking dependency style of g++
configure:3393: result: gcc3
configure:3451: checking for ranlib
configure:3467: found /usr/bin/ranlib
configure:3478: result: ranlib
configure:3549: checking for boostlib >= 1.33.1
configure:3618: g++ -c -g -O2   conftest.cpp >&5
conftest.cpp:12:33: fatal error: boost/version.hpp: No such file or directory
compilation terminated.
configure:3618: $? = 1
configure: failed program was:
| /* confdefs.h */
| #define PACKAGE_NAME "fuego"
| #define PACKAGE_TARNAME "fuego"
| #define PACKAGE_VERSION "1.1"
| #define PACKAGE_STRING "fuego 1.1"
| #define PACKAGE_BUGREPORT ""
| #define PACKAGE_URL ""
| #define PACKAGE "fuego"
| #define VERSION "1.1"
| /* end confdefs.h.  */
| 
|     #include <boost/version.hpp>
| 
| int
| main ()
| {
| 
|     #if BOOST_VERSION >= 103301
|     // Everything is okay
|     #else
|     #  error Boost version is too old
|     #endif
| 
|   ;
|   return 0;
| }
configure:3685: We will use a staged boost library from /usr/local/boost_1_47_0
configure:3724: g++ -c -g -O2   -I/usr/local/boost_1_47_0 conftest.cpp >&5
configure:3724: $? = 0
configure:3726: result: yes
configure:3814: checking for gcc
configure:3830: found /usr/bin/gcc
configure:3841: result: gcc
configure:4070: checking for C compiler version
configure:4079: gcc --version >&5
gcc (Ubuntu/Linaro 4.6.3-1ubuntu5) 4.6.3
Copyright (C) 2011 Free Software Foundation, Inc.
This is free software; see the source for copying conditions.  There is NO
warranty; not even for MERCHANTABILITY or FITNESS FOR A PARTICULAR PURPOSE.

configure:4090: $? = 0
configure:4079: gcc -v >&5
Using built-in specs.
COLLECT_GCC=gcc
COLLECT_LTO_WRAPPER=/usr/lib/gcc/i686-linux-gnu/4.6/lto-wrapper
Target: i686-linux-gnu
Configured with: ../src/configure -v --with-pkgversion='Ubuntu/Linaro 4.6.3-1ubuntu5' --with-bugurl=file:///usr/share/doc/gcc-4.6/README.Bugs --enable-languages=c,c++,fortran,objc,obj-c++ --prefix=/usr --program-suffix=-4.6 --enable-shared --enable-linker-build-id --with-system-zlib --libexecdir=/usr/lib --without-included-gettext --enable-threads=posix --with-gxx-include-dir=/usr/include/c++/4.6 --libdir=/usr/lib --enable-nls --with-sysroot=/ --enable-clocale=gnu --enable-libstdcxx-debug --enable-libstdcxx-time=yes --enable-gnu-unique-object --enable-plugin --enable-objc-gc --enable-targets=all --disable-werror --with-arch-32=i686 --with-tune=generic --enable-checking=release --build=i686-linux-gnu --host=i686-linux-gnu --target=i686-linux-gnu
Thread model: posix
gcc version 4.6.3 (Ubuntu/Linaro 4.6.3-1ubuntu5) 
configure:4090: $? = 0
configure:4079: gcc -V >&5
gcc: error: unrecognized option '-V'
gcc: fatal error: no input files
compilation terminated.
configure:4090: $? = 4
configure:4079: gcc -qversion >&5
gcc: error: unrecognized option '-qversion'
gcc: fatal error: no input files
compilation terminated.
configure:4090: $? = 4
configure:4094: checking whether we are using the GNU C compiler
configure:4113: gcc -c   conftest.c >&5
configure:4113: $? = 0
configure:4122: result: yes
configure:4131: checking whether gcc accepts -g
configure:4151: gcc -c -g  conftest.c >&5
configure:4151: $? = 0
configure:4192: result: yes
configure:4209: checking for gcc option to accept ISO C89
configure:4273: gcc  -c -g -O2  conftest.c >&5
configure:4273: $? = 0
configure:4286: result: none needed
configure:4308: checking dependency style of gcc
configure:4419: result: gcc3
configure:4438: checking build system type
configure:4452: result: i686-pc-linux-gnu
configure:4505: checking whether the Boost::Thread library is available
configure:4537: g++ -c -pthread -g -O2  -I/usr/local/boost_1_47_0 conftest.cpp >&5
configure:4537: $? = 0
configure:4552: result: yes
configure:4581: checking for exit in -lboost_thread
configure:4606: gcc -o conftest -g -O2  -I/usr/local/boost_1_47_0  -L/usr/local/boost_1_47_0/stage/lib conftest.c -lboost_thread   >&5
conftest.c:20:6: warning: conflicting types for built-in function 'exit' [enabled by default]
configure:4606: $? = 0
configure:4616: result: yes
configure:4776: checking whether the Boost::System library is available
configure:4800: g++ -c -g -O2  -pthread -I/usr/local/boost_1_47_0 conftest.cpp >&5
configure:4800: $? = 0
configure:4815: result: yes
configure:4830: checking for exit in -lboost_system
configure:4855: gcc -o conftest -g -O2  -pthread -I/usr/local/boost_1_47_0  -L/usr/local/boost_1_47_0/stage/lib conftest.c -lboost_system   >&5
conftest.c:21:6: warning: conflicting types for built-in function 'exit' [enabled by default]
configure:4855: $? = 0
configure:4865: result: yes
configure:5016: checking whether the Boost::Date_Time library is available
configure:5040: g++ -c -g -O2  -pthread -I/usr/local/boost_1_47_0 conftest.cpp >&5
configure:5040: $? = 0
configure:5054: result: yes
configure:5065: checking for exit in -lboost_date_time
configure:5090: gcc -o conftest -g -O2  -pthread -I/usr/local/boost_1_47_0  -L/usr/local/boost_1_47_0/stage/lib conftest.c -lboost_date_time   >&5
conftest.c:22:6: warning: conflicting types for built-in function 'exit' [enabled by default]
configure:5090: $? = 0
configure:5100: result: yes
configure:5249: checking whether the Boost::Filesystem library is available
configure:5273: g++ -c -g -O2  -pthread -I/usr/local/boost_1_47_0 conftest.cpp >&5
configure:5273: $? = 0
configure:5287: result: yes
configure:5298: checking for exit in -lboost_filesystem
configure:5323: gcc -o conftest -g -O2  -pthread -I/usr/local/boost_1_47_0  -L/usr/local/boost_1_47_0/stage/lib conftest.c -lboost_filesystem   -lboost_system >&5
conftest.c:23:6: warning: conflicting types for built-in function 'exit' [enabled by default]
configure:5323: $? = 0
configure:5333: result: yes
configure:5483: checking whether the Boost::Program_Options library is available
configure:5507: g++ -c -g -O2  -pthread -I/usr/local/boost_1_47_0 conftest.cpp >&5
configure:5507: $? = 0
configure:5521: result: yes
configure:5532: checking for exit in -lboost_program_options
configure:5557: gcc -o conftest -g -O2  -pthread -I/usr/local/boost_1_47_0  -L/usr/local/boost_1_47_0/stage/lib conftest.c -lboost_program_options   >&5
conftest.c:24:6: warning: conflicting types for built-in function 'exit' [enabled by default]
configure:5557: $? = 0
configure:5567: result: yes
configure:5709: checking whether the Boost::Unit_Test_Framework library is available
configure:5732: g++ -c -g -O2  -pthread -I/usr/local/boost_1_47_0 conftest.cpp >&5
configure:5732: $? = 0
configure:5746: result: yes
configure:5873: checking for __sync_synchronize
configure:5879: gcc -o conftest -g -O2   conftest.c  >&5
configure:5879: $? = 0
configure:5886: result: yes
configure:5945: checking host system type
configure:5958: result: i686-pc-linux-gnu
configure:5990: checking how to run the C preprocessor
configure:6021: gcc -E  conftest.c
configure:6021: $? = 0
configure:6035: gcc -E  conftest.c
conftest.c:20:28: fatal error: ac_nonexistent.h: No such file or directory
compilation terminated.
configure:6035: $? = 1
configure: failed program was:
| /* confdefs.h */
| #define PACKAGE_NAME "fuego"
| #define PACKAGE_TARNAME "fuego"
| #define PACKAGE_VERSION "1.1"
| #define PACKAGE_STRING "fuego 1.1"
| #define PACKAGE_BUGREPORT ""
| #define PACKAGE_URL ""
| #define PACKAGE "fuego"
| #define VERSION "1.1"
| #define HAVE_BOOST /**/
| #define HAVE_BOOST_THREAD /**/
| #define HAVE_BOOST_SYSTEM /**/
| #define HAVE_BOOST_DATE_TIME /**/
| #define HAVE_BOOST_FILESYSTEM /**/
| #define HAVE_BOOST_PROGRAM_OPTIONS /**/
| #define HAVE_BOOST_UNIT_TEST_FRAMEWORK /**/
| #define HAVE_SYNC_SYNCHRONIZE 1
| #define HOST_CPU "i686"
| /* end confdefs.h.  */
| #include <ac_nonexistent.h>
configure:6060: result: gcc -E
configure:6080: gcc -E  conftest.c
configure:6080: $? = 0
configure:6094: gcc -E  conftest.c
conftest.c:20:28: fatal error: ac_nonexistent.h: No such file or directory
compilation terminated.
configure:6094: $? = 1
configure: failed program was:
| /* confdefs.h */
| #define PACKAGE_NAME "fuego"
| #define PACKAGE_TARNAME "fuego"
| #define PACKAGE_VERSION "1.1"
| #define PACKAGE_STRING "fuego 1.1"
| #define PACKAGE_BUGREPORT ""
| #define PACKAGE_URL ""
| #define PACKAGE "fuego"
| #define VERSION "1.1"
| #define HAVE_BOOST /**/
| #define HAVE_BOOST_THREAD /**/
| #define HAVE_BOOST_SYSTEM /**/
| #define HAVE_BOOST_DATE_TIME /**/
| #define HAVE_BOOST_FILESYSTEM /**/
| #define HAVE_BOOST_PROGRAM_OPTIONS /**/
| #define HAVE_BOOST_UNIT_TEST_FRAMEWORK /**/
| #define HAVE_SYNC_SYNCHRONIZE 1
| #define HOST_CPU "i686"
| /* end confdefs.h.  */
| #include <ac_nonexistent.h>
configure:6123: checking for grep that handles long lines and -e
configure:6181: result: /bin/grep
configure:6186: checking for egrep
configure:6248: result: /bin/grep -E
configure:6253: checking for ANSI C header files
configure:6273: gcc -c -g -O2  conftest.c >&5
configure:6273: $? = 0
configure:6346: gcc -o conftest -g -O2   conftest.c  >&5
configure:6346: $? = 0
configure:6346: ./conftest
configure:6346: $? = 0
configure:6357: result: yes
configure:6370: checking for sys/types.h
configure:6370: gcc -c -g -O2  conftest.c >&5
configure:6370: $? = 0
configure:6370: result: yes
configure:6370: checking for sys/stat.h
configure:6370: gcc -c -g -O2  conftest.c >&5
configure:6370: $? = 0
configure:6370: result: yes
configure:6370: checking for stdlib.h
configure:6370: gcc -c -g -O2  conftest.c >&5
configure:6370: $? = 0
configure:6370: result: yes
configure:6370: checking for string.h
configure:6370: gcc -c -g -O2  conftest.c >&5
configure:6370: $? = 0
configure:6370: result: yes
configure:6370: checking for memory.h
configure:6370: gcc -c -g -O2  conftest.c >&5
configure:6370: $? = 0
configure:6370: result: yes
configure:6370: checking for strings.h
configure:6370: gcc -c -g -O2  conftest.c >&5
configure:6370: $? = 0
configure:6370: result: yes
configure:6370: checking for inttypes.h
configure:6370: gcc -c -g -O2  conftest.c >&5
configure:6370: $? = 0
configure:6370: result: yes
configure:6370: checking for stdint.h
configure:6370: gcc -c -g -O2  conftest.c >&5
configure:6370: $? = 0
configure:6370: result: yes
configure:6370: checking for unistd.h
configure:6370: gcc -c -g -O2  conftest.c >&5
configure:6370: $? = 0
configure:6370: result: yes
configure:6384: checking sys/sysctl.h usability
configure:6384: gcc -c -g -O2  conftest.c >&5
configure:6384: $? = 0
configure:6384: result: yes
configure:6384: checking sys/sysctl.h presence
configure:6384: gcc -E  conftest.c
configure:6384: $? = 0
configure:6384: result: yes
configure:6384: checking for sys/sysctl.h
configure:6384: result: yes
configure:6394: checking CXXFLAGS for maximum warnings
configure:6420: g++ -c -g -O2 -DNDEBUG -pedantic  -Wall  conftest.cpp >&5
configure:6420: $? = 0
configure:6434: result: -Wall
configure:6447: : CXXFLAGS="$CXXFLAGS $ax_cv_cxxflags_warn_all"
configure:6450: $? = 0
configure:6457: checking CXXFLAGS for gcc -Wextra
configure:6484: g++ -c -g -O2 -DNDEBUG -Wall -pedantic -Werror  -Wextra  conftest.cpp >&5
configure:6484: $? = 0
configure:6498: result: -Wextra
configure:6511: : CXXFLAGS="$CXXFLAGS $var"
configure:6514: $? = 0
configure:6662: creating ./config.status

## ---------------------- ##
## Running config.status. ##
## ---------------------- ##

This file was extended by fuego config.status 1.1, which was
generated by GNU Autoconf 2.68.  Invocation command line was

  CONFIG_FILES    = 
  CONFIG_HEADERS  = 
  CONFIG_LINKS    = 
  CONFIG_COMMANDS = 
  $ ./config.status 

on BlitzVM1

config.status:907: creating Makefile
config.status:907: creating book/Makefile
config.status:907: creating regression/Makefile
config.status:907: creating misctests/Makefile
config.status:907: creating fuegomain/Makefile
config.status:907: creating fuegotest/Makefile
config.status:907: creating go/Makefile
config.status:907: creating gouct/Makefile
config.status:907: creating gtpengine/Makefile
config.status:907: creating simpleplayers/Makefile
config.status:907: creating smartgame/Makefile
config.status:907: creating unittestmain/Makefile
config.status:907: creating config.h
config.status:1136: executing depfiles commands

## ---------------- ##
## Cache variables. ##
## ---------------- ##

ac_cv_build=i686-pc-linux-gnu
ac_cv_c_compiler_gnu=yes
ac_cv_cxx_compiler_gnu=yes
ac_cv_env_CCC_set=
ac_cv_env_CCC_value=
ac_cv_env_CC_set=
ac_cv_env_CC_value=
ac_cv_env_CFLAGS_set=
ac_cv_env_CFLAGS_value=
ac_cv_env_CPPFLAGS_set=
ac_cv_env_CPPFLAGS_value=
ac_cv_env_CPP_set=
ac_cv_env_CPP_value=
ac_cv_env_CXXFLAGS_set=
ac_cv_env_CXXFLAGS_value=
ac_cv_env_CXX_set=
ac_cv_env_CXX_value=
ac_cv_env_LDFLAGS_set=
ac_cv_env_LDFLAGS_value=
ac_cv_env_LIBS_set=
ac_cv_env_LIBS_value=
ac_cv_env_build_alias_set=
ac_cv_env_build_alias_value=
ac_cv_env_host_alias_set=
ac_cv_env_host_alias_value=
ac_cv_env_target_alias_set=
ac_cv_env_target_alias_value=
ac_cv_header_inttypes_h=yes
ac_cv_header_memory_h=yes
ac_cv_header_stdc=yes
ac_cv_header_stdint_h=yes
ac_cv_header_stdlib_h=yes
ac_cv_header_string_h=yes
ac_cv_header_strings_h=yes
ac_cv_header_sys_stat_h=yes
ac_cv_header_sys_sysctl_h=yes
ac_cv_header_sys_types_h=yes
ac_cv_header_unistd_h=yes
ac_cv_host=i686-pc-linux-gnu
ac_cv_lib_boost_date_time___exit=yes
ac_cv_lib_boost_filesystem___exit=yes
ac_cv_lib_boost_program_options___exit=yes
ac_cv_lib_boost_system___exit=yes
ac_cv_lib_boost_thread___exit=yes
ac_cv_objext=o
ac_cv_path_EGREP='/bin/grep -E'
ac_cv_path_GREP=/bin/grep
ac_cv_path_install='/usr/bin/install -c'
ac_cv_path_mkdir=/bin/mkdir
ac_cv_prog_AWK=mawk
ac_cv_prog_CPP='gcc -E'
ac_cv_prog_ac_ct_CC=gcc
ac_cv_prog_ac_ct_CXX=g++
ac_cv_prog_ac_ct_RANLIB=ranlib
ac_cv_prog_cc_c89=
ac_cv_prog_cc_g=yes
ac_cv_prog_cxx_g=yes
ac_cv_prog_make_make_set=yes
am_cv_CC_dependencies_compiler_type=gcc3
am_cv_CXX_dependencies_compiler_type=gcc3
ax_cv_boost_date_time=yes
ax_cv_boost_filesystem=yes
ax_cv_boost_program_options=yes
ax_cv_boost_system=yes
ax_cv_boost_thread=yes
ax_cv_boost_unit_test_framework=yes
ax_cv_cxxflags_gcc_option__Wextra=-Wextra
ax_cv_cxxflags_warn_all=-Wall

## ----------------- ##
## Output variables. ##
## ----------------- ##

ACLOCAL='${SHELL} /home/colblitz/Private/uap-mcts/fuego-1.1/missing --run aclocal-1.11'
AMDEPBACKSLASH='\'
AMDEP_FALSE='#'
AMDEP_TRUE=''
AMTAR='$${TAR-tar}'
AUTOCONF='${SHELL} /home/colblitz/Private/uap-mcts/fuego-1.1/missing --run autoconf'
AUTOHEADER='${SHELL} /home/colblitz/Private/uap-mcts/fuego-1.1/missing --run autoheader'
AUTOMAKE='${SHELL} /home/colblitz/Private/uap-mcts/fuego-1.1/missing --run automake-1.11'
AWK='mawk'
BOOST_CPPFLAGS='-pthread -I/usr/local/boost_1_47_0'
BOOST_DATE_TIME_LIB='-lboost_date_time'
BOOST_FILESYSTEM_LIB='-lboost_filesystem'
BOOST_LDFLAGS='-L/usr/local/boost_1_47_0/stage/lib'
BOOST_PROGRAM_OPTIONS_LIB='-lboost_program_options'
BOOST_SYSTEM_LIB='-lboost_system'
BOOST_THREAD_LIB='-lboost_thread'
BOOST_UNIT_TEST_FRAMEWORK_LIB='-lboost_unit_test_framework'
CC='gcc'
CCDEPMODE='depmode=gcc3'
CFLAGS='-g -O2'
CPP='gcc -E'
CPPFLAGS=''
CXX='g++'
CXXDEPMODE='depmode=gcc3'
CXXFLAGS='-g -O2 -DNDEBUG -Wall -Wextra'
CYGPATH_W='echo'
DEFS='-DHAVE_CONFIG_H'
DEPDIR='.deps'
ECHO_C=''
ECHO_N='-n'
ECHO_T=''
EGREP='/bin/grep -E'
EXEEXT=''
GREP='/bin/grep'
INSTALL_DATA='${INSTALL} -m 644'
INSTALL_PROGRAM='${INSTALL}'
INSTALL_SCRIPT='${INSTALL}'
INSTALL_STRIP_PROGRAM='$(install_sh) -c -s'
LDFLAGS=''
LIBOBJS=''
LIBS=''
LTLIBOBJS=''
MAINT='#'
MAINTAINER_MODE_FALSE=''
MAINTAINER_MODE_TRUE='#'
MAKEINFO='${SHELL} /home/colblitz/Private/uap-mcts/fuego-1.1/missing --run makeinfo'
MKDIR_P='/bin/mkdir -p'
OBJEXT='o'
PACKAGE='fuego'
PACKAGE_BUGREPORT=''
PACKAGE_NAME='fuego'
PACKAGE_STRING='fuego 1.1'
PACKAGE_TARNAME='fuego'
PACKAGE_URL=''
PACKAGE_VERSION='1.1'
PATH_SEPARATOR=':'
RANLIB='ranlib'
SET_MAKE=''
SHELL='/bin/bash'
STRIP=''
VERSION='1.1'
ac_ct_CC='gcc'
ac_ct_CXX='g++'
am__EXEEXT_FALSE=''
am__EXEEXT_TRUE='#'
am__fastdepCC_FALSE='#'
am__fastdepCC_TRUE=''
am__fastdepCXX_FALSE='#'
am__fastdepCXX_TRUE=''
am__include='include'
am__isrc=''
am__leading_dot='.'
am__nodep='_no'
am__quote=''
am__tar='$${TAR-tar} chof - "$$tardir"'
am__untar='$${TAR-tar} xf -'
bindir='${exec_prefix}/bin'
build='i686-pc-linux-gnu'
build_alias=''
build_cpu='i686'
build_os='linux-gnu'
build_vendor='pc'
datadir='${datarootdir}'
datarootdir='${prefix}/share'
docdir='${datarootdir}/doc/${PACKAGE_TARNAME}'
dvidir='${docdir}'
exec_prefix='${prefix}'
host='i686-pc-linux-gnu'
host_alias=''
host_cpu='i686'
host_os='linux-gnu'
host_vendor='pc'
htmldir='${docdir}'
includedir='${prefix}/include'
infodir='${datarootdir}/info'
install_sh='${SHELL} /home/colblitz/Private/uap-mcts/fuego-1.1/install-sh'
libdir='${exec_prefix}/lib'
libexecdir='${exec_prefix}/libexec'
localedir='${datarootdir}/locale'
localstatedir='${prefix}/var'
mandir='${datarootdir}/man'
mkdir_p='/bin/mkdir -p'
oldincludedir='/usr/include'
pdfdir='${docdir}'
prefix='/usr/local'
program_transform_name='s,x,x,'
psdir='${docdir}'
sbindir='${exec_prefix}/sbin'
sharedstatedir='${prefix}/com'
sysconfdir='${prefix}/etc'
target_alias=''

## ----------- ##
## confdefs.h. ##
## ----------- ##

/* confdefs.h */
#define PACKAGE_NAME "fuego"
#define PACKAGE_TARNAME "fuego"
#define PACKAGE_VERSION "1.1"
#define PACKAGE_STRING "fuego 1.1"
#define PACKAGE_BUGREPORT ""
#define PACKAGE_URL ""
#define PACKAGE "fuego"
#define VERSION "1.1"
#define HAVE_BOOST /**/
#define HAVE_BOOST_THREAD /**/
#define HAVE_BOOST_SYSTEM /**/
#define HAVE_BOOST_DATE_TIME /**/
#define HAVE_BOOST_FILESYSTEM /**/
#define HAVE_BOOST_PROGRAM_OPTIONS /**/
#define HAVE_BOOST_UNIT_TEST_FRAMEWORK /**/
#define HAVE_SYNC_SYNCHRONIZE 1
#define HOST_CPU "i686"
#define STDC_HEADERS 1
#define HAVE_SYS_TYPES_H 1
#define HAVE_SYS_STAT_H 1
#define HAVE_STDLIB_H 1
#define HAVE_STRING_H 1
#define HAVE_MEMORY_H 1
#define HAVE_STRINGS_H 1
#define HAVE_INTTYPES_H 1
#define HAVE_STDINT_H 1
#define HAVE_UNISTD_H 1
#define HAVE_SYS_SYSCTL_H 1

configure: exit 0
